"../../../phys_3dperson_01/Content/Geometry/Meshes/CubeMaterial.uasset" 0
"../../../phys_3dperson_01/Content/Geometry/Meshes/1M_Cube.uasset" 1
"../../../phys_3dperson_01/Content/Geometry/Meshes/1M_Cube_Chamfer.uasset" 2
"../../../Engine/Content/Functions/Engine_MaterialFunctions01/Opacity/CameraDepthFade.uasset" 3
"../../../Engine/Content/EngineMaterials/T_Default_Material_Grid_M.uasset" 4
"../../../Engine/Content/EngineMaterials/T_Default_Material_Grid_N.uasset" 5
"../../../Engine/Content/EngineMaterials/WorldGridMaterial.uasset" 6
"../../../phys_3dperson_01/Content/Textures/door/door.uasset" 7
"../../../phys_3dperson_01/Content/Textures/door/door_Mat.uasset" 8
"../../../phys_3dperson_01/Content/Textures/table/table.uasset" 9
"../../../phys_3dperson_01/Content/Textures/table/table_Mat.uasset" 10
"../../../phys_3dperson_01/Content/Textures/walls/wall_top.uasset" 11
"../../../phys_3dperson_01/Content/Textures/walls/wall_top_Mat.uasset" 12
"../../../phys_3dperson_01/Content/Geometry/Meshes/table_box.uasset" 13
"../../../phys_3dperson_01/Content/Geometry/Meshes/TemplateFloor.uasset" 14
"../../../phys_3dperson_01/Content/Mannequin/Character/Mesh/UE4_Mannequin_Skeleton.uasset" 15
"../../../phys_3dperson_01/Content/Mannequin/Animations/ThirdPersonJump_End.uasset" 16
"../../../phys_3dperson_01/Content/StarterContent/Architecture/Floor_400x400.uasset" 17
"../../../phys_3dperson_01/Content/StarterContent/Architecture/Pillar_50x500.uasset" 18
"../../../phys_3dperson_01/Content/StarterContent/Architecture/Wall_400x200.uasset" 19
"../../../phys_3dperson_01/Content/StarterContent/Architecture/Wall_400x300.uasset" 20
"../../../phys_3dperson_01/Content/StarterContent/Architecture/Wall_400x400.uasset" 21
"../../../phys_3dperson_01/Content/StarterContent/Architecture/Wall_500x500.uasset" 22
"../../../phys_3dperson_01/Content/StarterContent/Architecture/Wall_Door_400x300.uasset" 23
"../../../phys_3dperson_01/Content/StarterContent/Architecture/Wall_Door_400x400.uasset" 24
"../../../phys_3dperson_01/Content/StarterContent/Architecture/Wall_Window_400x300.uasset" 25
"../../../phys_3dperson_01/Content/StarterContent/Architecture/Wall_Window_400x400.uasset" 26
"../../../phys_3dperson_01/Content/StarterContent/Audio/Collapse_Cue.uasset" 27
"../../../phys_3dperson_01/Content/StarterContent/Audio/Light01_Cue.uasset" 28
"../../../phys_3dperson_01/Content/StarterContent/Audio/Light02_Cue.uasset" 29
"../../../phys_3dperson_01/Content/StarterContent/Audio/Starter_Background_Cue.uasset" 30
"../../../phys_3dperson_01/Content/StarterContent/Audio/Starter_Music_Cue.uasset" 31
"../../../phys_3dperson_01/Content/StarterContent/Props/Materials/M_Lamp.uasset" 32
"../../../phys_3dperson_01/Content/StarterContent/Props/SM_Lamp_Ceiling.uasset" 33
"../../../phys_3dperson_01/Content/StarterContent/Blueprints/Blueprint_CeilingLight.uasset" 34
"../../../phys_3dperson_01/Content/StarterContent/Audio/Explosion_Cue.uasset" 35
"../../../phys_3dperson_01/Content/StarterContent/Particles/Materials/M_Burst.uasset" 36
"../../../phys_3dperson_01/Content/StarterContent/Particles/Materials/M_explosion_subUV.uasset" 37
"../../../phys_3dperson_01/Content/StarterContent/Particles/Materials/m_flare_01.uasset" 38
"../../../Engine/Content/Functions/Engine_MaterialFunctions01/Gradient/RadialGradient.uasset" 39
"../../../phys_3dperson_01/Content/StarterContent/Particles/Materials/M_radial_ramp.uasset" 40
"../../../phys_3dperson_01/Content/StarterContent/Particles/Materials/M_smoke_subUV.uasset" 41
"../../../phys_3dperson_01/Content/StarterContent/Particles/P_Explosion.uasset" 42
"../../../phys_3dperson_01/Content/StarterContent/Blueprints/Blueprint_Effect_Explosion.uasset" 43
"../../../phys_3dperson_01/Content/StarterContent/Audio/Fire01_Cue.uasset" 44
"../../../phys_3dperson_01/Content/StarterContent/Particles/Materials/M_Fire_SubUV.uasset" 45
"../../../phys_3dperson_01/Content/StarterContent/Particles/Materials/M_Heat_Distortion.uasset" 46
"../../../phys_3dperson_01/Content/StarterContent/Particles/Materials/M_Radial_Gradient.uasset" 47
"../../../phys_3dperson_01/Content/StarterContent/Particles/P_Fire.uasset" 48
"../../../phys_3dperson_01/Content/StarterContent/Blueprints/Blueprint_Effect_Fire.uasset" 49
"../../../phys_3dperson_01/Content/StarterContent/Audio/Smoke01_Cue.uasset" 50
"../../../phys_3dperson_01/Content/StarterContent/Particles/P_Smoke.uasset" 51
"../../../phys_3dperson_01/Content/StarterContent/Blueprints/Blueprint_Effect_Smoke.uasset" 52
"../../../phys_3dperson_01/Content/StarterContent/Audio/Fire_Sparks01_Cue.uasset" 53
"../../../phys_3dperson_01/Content/StarterContent/Particles/Materials/M_Spark.uasset" 54
"../../../phys_3dperson_01/Content/StarterContent/Particles/P_Sparks.uasset" 55
"../../../phys_3dperson_01/Content/StarterContent/Blueprints/Blueprint_Effect_Sparks.uasset" 56
"../../../phys_3dperson_01/Content/StarterContent/Audio/Steam01_Cue.uasset" 57
"../../../phys_3dperson_01/Content/StarterContent/Particles/P_Steam_Lit.uasset" 58
"../../../phys_3dperson_01/Content/StarterContent/Blueprints/Blueprint_Effect_Steam.uasset" 59
"../../../phys_3dperson_01/Content/StarterContent/Props/SM_Lamp_Wall.uasset" 60
"../../../phys_3dperson_01/Content/StarterContent/Blueprints/Blueprint_WallSconce.uasset" 61
"../../../phys_3dperson_01/Content/StarterContent/Blueprints/Assets/FogBrightnessLUT.uasset" 62
"../../../phys_3dperson_01/Content/StarterContent/Blueprints/Assets/SunlightColorLUT.uasset" 63
"../../../phys_3dperson_01/Content/StarterContent/Blueprints/Assets/M_LightStage_Arrows.uasset" 64
"../../../Engine/Content/MapTemplates/Sky/DaylightAmbientCubemap.uasset" 65
"../../../phys_3dperson_01/Content/StarterContent/Blueprints/Assets/M_LightStage_Skybox_Master.uasset" 66
"../../../phys_3dperson_01/Content/StarterContent/Blueprints/Assets/M_LightStage_Skybox_Black.uasset" 67
"../../../phys_3dperson_01/Content/StarterContent/Blueprints/Assets/M_LightStage_Skybox_HDRI.uasset" 68
"../../../Engine/Content/EditorMaterials/Thumbnails/SkySphereMaterial.uasset" 69
"../../../phys_3dperson_01/Content/StarterContent/Blueprints/Assets/Skybox.uasset" 70
"../../../phys_3dperson_01/Content/StarterContent/Blueprints/Assets/SM_Arrows.uasset" 71
"../../../phys_3dperson_01/Content/StarterContent/Blueprints/BP_LightStudio.uasset" 72
"../../../phys_3dperson_01/Content/StarterContent/Particles/Materials/M_Dust_Particle.uasset" 73
"../../../phys_3dperson_01/Content/StarterContent/Particles/P_Ambient_Dust.uasset" 74
"../../../phys_3dperson_01/Content/StarterContent/Props/MaterialSphere.uasset" 75
"../../../phys_3dperson_01/Content/StarterContent/Props/Materials/M_Bush.uasset" 76
"../../../phys_3dperson_01/Content/StarterContent/Props/SM_Bush.uasset" 77
"../../../phys_3dperson_01/Content/StarterContent/Props/Materials/M_Chair.uasset" 78
"../../../phys_3dperson_01/Content/StarterContent/Props/SM_Chair.uasset" 79
"../../../phys_3dperson_01/Content/StarterContent/Props/Materials/M_Frame.uasset" 80
"../../../phys_3dperson_01/Content/StarterContent/Props/SM_CornerFrame.uasset" 81
"../../../phys_3dperson_01/Content/StarterContent/Props/SM_Couch.uasset" 82
"../../../phys_3dperson_01/Content/StarterContent/Props/Materials/M_Door.uasset" 83
"../../../phys_3dperson_01/Content/StarterContent/Props/SM_Door.uasset" 84
"../../../phys_3dperson_01/Content/StarterContent/Props/SM_DoorFrame.uasset" 85
"../../../phys_3dperson_01/Content/StarterContent/Props/SM_GlassWindow.uasset" 86
"../../../phys_3dperson_01/Content/StarterContent/Props/Materials/M_MaterialSphere.uasset" 87
"../../../phys_3dperson_01/Content/StarterContent/Props/Materials/M_MaterialSphere_Plain.uasset" 88
"../../../phys_3dperson_01/Content/StarterContent/Props/SM_MatPreviewMesh_02.uasset" 89
"../../../phys_3dperson_01/Content/StarterContent/Props/SM_PillarFrame.uasset" 90
"../../../phys_3dperson_01/Content/StarterContent/Props/SM_PillarFrame300.uasset" 91
"../../../Engine/Content/Functions/Engine_MaterialFunctions02/Utility/BlendAngleCorrectedNormals.uasset" 92
"../../../phys_3dperson_01/Content/StarterContent/Props/Materials/M_Rock.uasset" 93
"../../../phys_3dperson_01/Content/StarterContent/Props/SM_Rock.uasset" 94
"../../../phys_3dperson_01/Content/StarterContent/Props/Materials/M_Shelf.uasset" 95
"../../../phys_3dperson_01/Content/StarterContent/Props/SM_Shelf.uasset" 96
"../../../phys_3dperson_01/Content/StarterContent/Props/SM_Stairs.uasset" 97
"../../../phys_3dperson_01/Content/StarterContent/Props/Materials/M_TableRound.uasset" 98
"../../../phys_3dperson_01/Content/StarterContent/Props/SM_TableRound.uasset" 99
"../../../phys_3dperson_01/Content/StarterContent/Props/SM_WindowFrame.uasset" 100
"../../../phys_3dperson_01/Content/StarterContent/Shapes/Shape_Cone.uasset" 101
"../../../phys_3dperson_01/Content/StarterContent/Shapes/Shape_Cube.uasset" 102
"../../../phys_3dperson_01/Content/StarterContent/Shapes/Shape_Cylinder.uasset" 103
"../../../phys_3dperson_01/Content/StarterContent/Shapes/Shape_NarrowCapsule.uasset" 104
"../../../phys_3dperson_01/Content/StarterContent/Shapes/Shape_Pipe.uasset" 105
"../../../phys_3dperson_01/Content/StarterContent/Shapes/Shape_Pipe_180.uasset" 106
"../../../phys_3dperson_01/Content/StarterContent/Shapes/Shape_Pipe_90.uasset" 107
"../../../phys_3dperson_01/Content/StarterContent/Shapes/Shape_Plane.uasset" 108
"../../../phys_3dperson_01/Content/StarterContent/Shapes/Shape_QuadPyramid.uasset" 109
"../../../phys_3dperson_01/Content/StarterContent/Shapes/Shape_Sphere.uasset" 110
"../../../phys_3dperson_01/Content/StarterContent/Shapes/Shape_Torus.uasset" 111
"../../../phys_3dperson_01/Content/StarterContent/Shapes/Shape_Trim.uasset" 112
"../../../phys_3dperson_01/Content/StarterContent/Shapes/Shape_Trim_90_In.uasset" 113
"../../../phys_3dperson_01/Content/StarterContent/Shapes/Shape_Trim_90_Out.uasset" 114
"../../../phys_3dperson_01/Content/StarterContent/Shapes/Shape_TriPyramid.uasset" 115
"../../../phys_3dperson_01/Content/StarterContent/Shapes/Shape_Tube.uasset" 116
"../../../phys_3dperson_01/Content/StarterContent/Shapes/Shape_Wedge_A.uasset" 117
"../../../phys_3dperson_01/Content/StarterContent/Shapes/Shape_Wedge_B.uasset" 118
"../../../phys_3dperson_01/Content/StarterContent/Shapes/Shape_WideCapsule.uasset" 119
"../../../phys_3dperson_01/Content/ThirdPerson/Meshes/RampMaterial.uasset" 120
"../../../phys_3dperson_01/Content/ThirdPerson/Meshes/Bump_StaticMesh.uasset" 121
"../../../phys_3dperson_01/Content/ThirdPerson/Meshes/LeftArm_StaticMesh.uasset" 122
"../../../phys_3dperson_01/Content/ThirdPerson/Meshes/Linear_Stair_StaticMesh.uasset" 123
"../../../phys_3dperson_01/Content/ThirdPerson/Meshes/Ramp_StaticMesh.uasset" 124
"../../../phys_3dperson_01/Content/ThirdPerson/Meshes/RightArm_StaticMesh.uasset" 125
"../../../phys_3dperson_01/Content/Mannequin/Animations/ThirdPerson_Jump.uasset" 126
"../../../phys_3dperson_01/Content/Mannequin/Animations/ThirdPersonJump_Loop.uasset" 127
"../../../phys_3dperson_01/Content/Mannequin/Animations/ThirdPersonJump_Start.uasset" 128
"../../../phys_3dperson_01/Content/Mannequin/Animations/ThirdPersonIdle.uasset" 129
"../../../phys_3dperson_01/Content/Mannequin/Animations/ThirdPersonRun.uasset" 130
"../../../phys_3dperson_01/Content/Mannequin/Animations/ThirdPersonWalk.uasset" 131
"../../../phys_3dperson_01/Content/Mannequin/Animations/ThirdPerson_IdleRun_2D.uasset" 132
"../../../Engine/Content/EditorBlueprintResources/StandardMacros.uasset" 133
"../../../phys_3dperson_01/Content/Mannequin/Animations/ThirdPerson_AnimBP.uasset" 134
"../../../Engine/Content/Functions/MaterialLayerFunctions/MatLayerBlend_NormalBlend.uasset" 135
"../../../Engine/Content/Functions/MaterialLayerFunctions/MatLayerBlend_Simple.uasset" 136
"../../../phys_3dperson_01/Content/Mannequin/Character/Materials/MaterialLayers/T_ML_Rubber_Blue_01_D.uasset" 137
"../../../phys_3dperson_01/Content/Mannequin/Character/Materials/MaterialLayers/T_ML_Rubber_Blue_01_N.uasset" 138
"../../../phys_3dperson_01/Content/Mannequin/Character/Materials/MaterialLayers/ML_GlossyBlack_Latex_UE4.uasset" 139
"../../../phys_3dperson_01/Content/Mannequin/Character/Materials/MaterialLayers/ML_Plastic_Shiny_Beige.uasset" 140
"../../../phys_3dperson_01/Content/Mannequin/Character/Textures/UE4_LOGO_CARD.uasset" 141
"../../../phys_3dperson_01/Content/Mannequin/Character/Materials/MaterialLayers/ML_Plastic_Shiny_Beige_LOGO.uasset" 142
"../../../phys_3dperson_01/Content/Mannequin/Character/Materials/MaterialLayers/T_ML_Aluminum01.uasset" 143
"../../../phys_3dperson_01/Content/Mannequin/Character/Materials/MaterialLayers/T_ML_Aluminum01_N.uasset" 144
"../../../phys_3dperson_01/Content/Mannequin/Character/Materials/MaterialLayers/ML_SoftMetal_UE4.uasset" 145
"../../../phys_3dperson_01/Content/Mannequin/Character/Textures/UE4_Mannequin__normals.uasset" 146
"../../../phys_3dperson_01/Content/Mannequin/Character/Textures/UE4_Mannequin_MAT_MASKA.uasset" 147
"../../../phys_3dperson_01/Content/Mannequin/Character/Materials/M_UE4Man_Body.uasset" 148
"../../../phys_3dperson_01/Content/Mannequin/Character/Textures/UE4Man_Logo_N.uasset" 149
"../../../phys_3dperson_01/Content/Mannequin/Character/Materials/M_UE4Man_ChestLogo.uasset" 150
"../../../phys_3dperson_01/Content/Mannequin/Character/Mesh/SK_Mannequin_PhysicsAsset.uasset" 151
"../../../phys_3dperson_01/Content/Mannequin/Character/Mesh/SK_Mannequin.uasset" 152
"../../../phys_3dperson_01/Content/ThirdPersonBP/Blueprints/ThirdPersonCharacter.uasset" 153
"../../../phys_3dperson_01/Content/ThirdPersonBP/Blueprints/ThirdPersonGameMode.uasset" 154
"../../../phys_3dperson_01/Content/UI/ui_pausemenu.uasset" 155
"../../../Engine/Content/EngineMaterials/DefaultMaterial.uasset" 156
"../../../Engine/Content/BasicShapes/Cone.uasset" 157
"../../../Engine/Content/BasicShapes/Cube.uasset" 158
"../../../Engine/Content/BasicShapes/Cylinder.uasset" 159
"../../../Engine/Content/BasicShapes/Plane.uasset" 160
"../../../Engine/Content/BasicShapes/Sphere.uasset" 161
"../../../Engine/Content/EditorLandscapeResources/DataLayer.uasset" 162
"../../../Engine/Content/EditorMaterials/GizmoMaterial.uasset" 163
"../../../Engine/Content/EditorMaterials/MAT_Groups_Toggle.uasset" 164
"../../../Engine/Content/EditorMaterials/MAT_Groups_Visibility.uasset" 165
"../../../Engine/Content/EditorMaterials/PreviewShadowIndicator.uasset" 166
"../../../Engine/Content/EditorMaterials/PreviewShadowIndicatorMaterial.uasset" 167
"../../../Engine/Content/EditorMaterials/AssetViewer/EpicQuadPanorama_CC+EV1.uasset" 168
"../../../Engine/Content/EditorMaterials/MatineeGroups/MAT_ColorTrack.uasset" 169
"../../../Engine/Content/EditorMaterials/MatineeGroups/MAT_Groups_Anim.uasset" 170
"../../../Engine/Content/EditorMaterials/MatineeGroups/MAT_Groups_AudioMaster.uasset" 171
"../../../Engine/Content/EditorMaterials/MatineeGroups/MAT_Groups_Director.uasset" 172
"../../../Engine/Content/EditorMaterials/MatineeGroups/MAT_Groups_Event.uasset" 173
"../../../Engine/Content/EditorMaterials/MatineeGroups/MAT_Groups_Fade.uasset" 174
"../../../Engine/Content/EditorMaterials/MatineeGroups/MAT_Groups_Float.uasset" 175
"../../../Engine/Content/EditorMaterials/MatineeGroups/MAT_Groups_Move.uasset" 176
"../../../Engine/Content/EditorMaterials/MatineeGroups/MAT_Groups_Slomo.uasset" 177
"../../../Engine/Content/EditorMaterials/MatineeGroups/MAT_Groups_Sound.uasset" 178
"../../../Engine/Content/EditorMaterials/MatineeGroups/MAT_Groups_Vector.uasset" 179
"../../../Engine/Content/EditorMaterials/ParticleSystems/PSysThumbnail_NoImage.uasset" 180
"../../../Engine/Content/EditorMaterials/ParticleSystems/PSysThumbnail_OOD.uasset" 181
"../../../Engine/Content/EditorMaterials/Camera/CineMat.uasset" 182
"../../../Engine/Content/EditorMaterials/Camera/MI_CineMat_Rig.uasset" 183
"../../../Engine/Content/EditorMeshes/Camera/SM_CraneRig_Arm.uasset" 184
"../../../Engine/Content/EditorMeshes/Camera/SM_CraneRig_Base.uasset" 185
"../../../Engine/Content/EditorMeshes/Camera/SM_CraneRig_Body.uasset" 186
"../../../Engine/Content/EditorMeshes/Camera/SM_CraneRig_Mount.uasset" 187
"../../../Engine/Content/EditorMeshes/Camera/SM_RailRig_Mount.uasset" 188
"../../../Engine/Content/EditorMeshes/Camera/SM_RailRig_Track.uasset" 189
"../../../Engine/Content/EditorMeshes/ColorCalibrator/M_ChromeBall.uasset" 190
"../../../Engine/Content/EditorMeshes/ColorCalibrator/M_ClearCoat.uasset" 191
"../../../Engine/Content/EditorMeshes/ColorCalibrator/M_ClearCoatBlack.uasset" 192
"../../../Engine/Content/EditorMeshes/ColorCalibrator/T_ColorGrid.uasset" 193
"../../../Engine/Content/EditorMeshes/ColorCalibrator/M_ColorGrid.uasset" 194
"../../../Engine/Content/EditorMeshes/ColorCalibrator/M_GreyBall.uasset" 195
"../../../Engine/Content/EditorMeshes/ColorCalibrator/SM_ColorCalibrator.uasset" 196
"../../../Engine/Content/EditorResources/BSPVertex.uasset" 197
"../../../Engine/Content/EditorResources/EmptyActor.uasset" 198
"../../../Engine/Content/EditorResources/S_Actor.uasset" 199
"../../../Engine/Content/EditorResources/S_Trigger.uasset" 200
"../../../Engine/Content/EditorResources/LightIcons/S_LightError.uasset" 201
"../../../Engine/Content/EditorResources/SequenceRecorder/Countdown.uasset" 202
"../../../Engine/Content/EditorResources/SequenceRecorder/RecordingIndicator.uasset" 203
"../../../Engine/Content/EditorSounds/Notifications/CompileFailed.uasset" 204
"../../../Engine/Content/EditorSounds/Notifications/CompileFailed_Cue.uasset" 205
"../../../Engine/Content/EditorSounds/Notifications/CompileSuccess.uasset" 206
"../../../Engine/Content/EditorSounds/Notifications/CompileStart_Cue.uasset" 207
"../../../Engine/Content/EditorSounds/Notifications/CompileSuccess_Cue.uasset" 208
"../../../Engine/Content/EngineDamageTypes/DmgTypeBP_Environmental.uasset" 209
"../../../Engine/Content/EngineDebugMaterials/HeatmapGradient.uasset" 210
"../../../Engine/Content/EngineDebugMaterials/BoneWeightMaterial.uasset" 211
"../../../Engine/Content/EngineDebugMaterials/ClothMaterial.uasset" 212
"../../../Engine/Content/EngineDebugMaterials/ClothMaterial_WF.uasset" 213
"../../../Engine/Content/EngineDebugMaterials/DebugEditorMaterial.uasset" 214
"../../../Engine/Content/EngineDebugMaterials/DebugMeshMaterial.uasset" 215
"../../../Engine/Content/EngineDebugMaterials/GeomMaterial.uasset" 216
"../../../Engine/Content/EngineFonts/Faces/RobotoBold.uasset" 217
"../../../Engine/Content/EngineFonts/Faces/RobotoBoldItalic.uasset" 218
"../../../Engine/Content/EngineFonts/Faces/RobotoItalic.uasset" 219
"../../../Engine/Content/EngineFonts/Faces/RobotoLight.uasset" 220
"../../../Engine/Content/EngineFonts/Faces/RobotoRegular.uasset" 221
"../../../Engine/Content/EngineFonts/Roboto.uasset" 222
"../../../Engine/Content/EngineFonts/Faces/RobotoTiny.uasset" 223
"../../../Engine/Content/EngineFonts/RobotoTiny.uasset" 224
"../../../Engine/Content/EngineMaterials/DefaultBloomKernel.uasset" 225
"../../../Engine/Content/EngineMaterials/DefaultBokeh.uasset" 226
"../../../Engine/Content/EngineMaterials/DefaultDiffuse.uasset" 227
"../../../Engine/Content/EngineMaterials/DefaultDeferredDecalMaterial.uasset" 228
"../../../Engine/Content/EngineMaterials/DefaultLightFunctionMaterial.uasset" 229
"../../../Engine/Content/EngineMaterials/DefaultPhysicalMaterial.uasset" 230
"../../../Engine/Content/Functions/Engine_MaterialFunctions02/Utility/BreakOutFloat2Components.uasset" 231
"../../../Engine/Content/EngineMaterials/DefaultPostProcessMaterial.uasset" 232
"../../../Engine/Content/EngineFonts/RobotoDistanceField.uasset" 233
"../../../Engine/Content/EngineMaterials/DefaultTextMaterialOpaque.uasset" 234
"../../../Engine/Content/EngineMaterials/DefaultWhiteGrid.uasset" 235
"../../../Engine/Content/EngineMaterials/EditorBrushMaterial.uasset" 236
"../../../Engine/Content/EngineMaterials/Good64x64TilingNoiseHighFreq.uasset" 237
"../../../Engine/Content/EngineMaterials/MiniFont.uasset" 238
"../../../Engine/Content/EngineMaterials/InvalidLightmapSettings.uasset" 239
"../../../Engine/Content/EngineMaterials/M_InvalidLightmapSettings.uasset" 240
"../../../Engine/Content/EngineMaterials/PhAT_JointLimitMaterial.uasset" 241
"../../../Engine/Content/EngineMaterials/PreintegratedSkinBRDF.uasset" 242
"../../../Engine/Content/EngineMaterials/RemoveSurfaceMaterial.uasset" 243
"../../../Engine/Content/EngineMaterials/WeightMapPlaceholderTexture.uasset" 244
"../../../Engine/Content/EngineResources/WhiteSquareTexture.uasset" 245
"../../../Engine/Content/EngineMaterials/Widget3DPassThrough.uasset" 246
"../../../Engine/Content/EngineMaterials/Widget3DPassThrough_Masked.uasset" 247
"../../../Engine/Content/EngineMaterials/Widget3DPassThrough_Opaque.uasset" 248
"../../../Engine/Content/EngineMaterials/Widget3DPassThrough_Masked_OneSided.uasset" 249
"../../../Engine/Content/EngineMaterials/Widget3DPassThrough_Opaque_OneSided.uasset" 250
"../../../Engine/Content/EngineMaterials/Widget3DPassThrough_Translucent.uasset" 251
"../../../Engine/Content/EngineMaterials/Widget3DPassThrough_Translucent_OneSided.uasset" 252
"../../../Engine/Content/EngineMeshes/Cube.uasset" 253
"../../../Engine/Content/EngineMeshes/Cylinder.uasset" 254
"../../../Engine/Content/EngineMeshes/Sphere.uasset" 255
"../../../Engine/Content/EngineResources/Black.uasset" 256
"../../../Engine/Content/EngineResources/DefaultTexture.uasset" 257
"../../../Engine/Content/EngineResources/DefaultTextureCube.uasset" 258
"../../../Engine/Content/EngineResources/GradientTexture0.uasset" 259
"../../../Engine/Content/EngineSounds/Master.uasset" 260
"../../../Engine/Content/Functions/Engine_MaterialFunctions01/Shading/ConvertFromDiffSpec.uasset" 261
"../../../Engine/Content/Functions/Engine_MaterialFunctions01/Shading/PowerToRoughness.uasset" 262
"../../../Engine/Content/Maps/Templates/Thumbnails/Default.uasset" 263
"../../../Engine/Content/Maps/Templates/Thumbnails/VR-Basic.uasset" 264
"../../../Engine/Content/MobileResources/T_MobileControls_texture.uasset" 265
"../../../Engine/Content/MobileResources/T_MobileMenu2.uasset" 266
"../../../Engine/Content/MobileResources/HUD/AnalogHat.uasset" 267
"../../../Engine/Content/MobileResources/HUD/VirtualJoystick_Background.uasset" 268
"../../../Engine/Content/MobileResources/HUD/VirtualJoystick_Thumb.uasset" 269
"../../../Engine/Content/MobileResources/HUD/DefaultVirtualJoysticks.uasset" 270
"../../../Engine/Content/MobileResources/HUD/LeftVirtualJoystickOnly.uasset" 271
"../../../Engine/Content/MobileResources/HUD/MobileHUDButton1_off.uasset" 272
"../../../Engine/Content/MobileResources/HUD/MobileHUDButton1_on.uasset" 273
"../../../Engine/Content/MobileResources/HUD/MobileHUDButton2_off.uasset" 274
"../../../Engine/Content/MobileResources/HUD/MobileHUDButton2_on.uasset" 275
"../../../Engine/Content/MobileResources/HUD/MobileHUDButton3.uasset" 276
"../../../Engine/Content/MobileResources/HUD/MobileHUDButtonFire.uasset" 277
"../../../Engine/Content/MobileResources/HUD/MobileHUDDirectionPad.uasset" 278
"../../../Engine/Content/MobileResources/HUD/MobileHUDDirectionPad2.uasset" 279
"../../../Engine/Content/MobileResources/HUD/MobileHUDDirectionPad3.uasset" 280
"../../../Engine/Content/MobileResources/HUD/MobileHUDDirectionStick.uasset" 281
"../../../Engine/Content/MobileResources/HUD/T_Castle_ThumbstickInner.uasset" 282
"../../../Engine/Content/MobileResources/HUD/T_Castle_ThumbstickOutter.uasset" 283
"../../../Engine/Content/Tutorial/ContentIntroCurve.uasset" 284
"../../../Engine/Content/Tutorial/Basics/TutorialAssets/icon_tab_Levels_40x.uasset" 285
"../../../Engine/Content/Tutorial/BlueprintTutorials/TutorialAssets/BlueprintInterface_64x.uasset" 286
"../../../Engine/Content/Tutorial/BlueprintTutorials/TutorialAssets/BlueprintMacroLibrary_64x.uasset" 287
"../../../Engine/Content/Tutorial/BlueprintTutorials/TutorialAssets/Blueprint_64x.uasset" 288
"../../../Engine/Content/Tutorial/BlueprintTutorials/TutorialAssets/Tutorial_BP_Interface.uasset" 289
"../../../Engine/Content/Tutorial/Foliage/TutorialAssets/Foliage.uasset" 290
"../../../Engine/Content/Tutorial/Landscape/TutorialAssets/Landscape.uasset" 291
"../../../Engine/Content/Tutorial/Mobile/TutorialAssets/android_Icon.uasset" 292
"../../../Engine/Content/Tutorial/Paper2D/TutorialAssets/Paper2DFlipbook_TutorialIcon.uasset" 293
"../../../Engine/Content/Tutorial/Paper2D/TutorialAssets/Paper2DSprite_TutorialIcon.uasset" 294
"../../../Engine/Content/Tutorial/SubEditors/TutorialAssets/icon_Editor_Preferences_General_40x.uasset" 295
"../../../Engine/Content/Tutorial/SubEditors/TutorialAssets/icon_ShowSkeletalMeshes_40x.uasset" 296
"../../../Engine/Content/Tutorial/SubEditors/TutorialAssets/TutorialMaterial.uasset" 297
"../../../Engine/Content/Tutorial/SubEditors/TutorialAssets/T_SmokeSubUV_8X8.uasset" 298
"../../../Engine/Content/Tutorial/SubEditors/TutorialAssets/T_soft_smoke.uasset" 299
"../../../Engine/Content/Tutorial/SubEditors/TutorialAssets/M_smoke_subUV_blackbody.uasset" 300
"../../../Engine/Content/Tutorial/SubEditors/TutorialAssets/TutorialParticleSystem.uasset" 301
"../../../Engine/Content/EditorMeshes/EditorCube.uasset" 302
"../../../Engine/Content/Tutorial/SubEditors/TutorialAssets/Tutorial_DM.uasset" 303
"../../../Engine/Content/VREditor/Devices/Generic/GenericHMDMaterial.uasset" 304
"../../../Engine/Content/VREditor/Devices/Generic/GenericHMD.uasset" 305
"../../../Engine/Content/VREditor/FloatingText/LineMaterial.uasset" 306
"../../../Engine/Content/VREditor/FloatingText/JointSphere.uasset" 307
"../../../Engine/Content/VREditor/FloatingText/LineSegmentCylinder.uasset" 308
"../../../Engine/Content/VREditor/Fonts/VRText_RobotoLarge.uasset" 309
"../../../Engine/Content/VREditor/Fonts/VRTextMaterial.uasset" 310
"../../../Engine/Content/VREditor/Fonts/TranslucentVRTextMaterial.uasset" 311
"../../../Engine/Content/VREditor/LaserPointer/CursorPointer.uasset" 312
"../../../Engine/Content/VREditor/LaserPointer/VR_LaserPower_01.uasset" 313
"../../../Engine/Content/VREditor/TransformGizmo/TransformGizmoMaterial.uasset" 314
"../../../Engine/Content/VREditor/LaserPointer/HoverMaterial.uasset" 315
"../../../Engine/Content/VREditor/TransformGizmo/TranslucentTransformGizmoMaterial.uasset" 316
"../../../Engine/Content/VREditor/LaserPointer/TranslucentHoverMaterial.uasset" 317
"../../../Engine/Content/VREditor/LaserPointer/HoverMesh.uasset" 318
"../../../Engine/Content/VREditor/LaserPointer/LaserPointerMaterial.uasset" 319
"../../../Engine/Content/VREditor/LaserPointer/LaserPointerMaterialInst.uasset" 320
"../../../Engine/Content/VREditor/LaserPointer/TranslucentLaserPointerMaterialInst.uasset" 321
"../../../Engine/Content/VREditor/LaserPointer/LaserPointerMesh.uasset" 322
"../../../Engine/Content/VREditor/LaserPointer/LaserPointerMesh_End.uasset" 323
"../../../Engine/Content/VREditor/LaserPointer/LaserPointerMesh_Start.uasset" 324
"../../../Engine/Content/Functions/Engine_MaterialFunctions02/Utility/BreakOutFloat3Components.uasset" 325
"../../../Engine/Content/Functions/Engine_MaterialFunctions02/Math/Transform3x3Matrix.uasset" 326
"../../../Engine/Content/Functions/Engine_MaterialFunctions02/SplitComponents.uasset" 327
"../../../Engine/Content/Functions/Engine_MaterialFunctions02/Utility/MakeFloat3.uasset" 328
"../../../Engine/Content/VREditor/SnapGrid/SnapGridMaterial.uasset" 329
"../../../Engine/Content/VREditor/SnapGrid/SnapGridPlaneMesh.uasset" 330
"../../../Engine/Content/VREditor/Sounds/VR_teleport.uasset" 331
"../../../Engine/Content/VREditor/Sounds/UI/Click_on_Button_Cue.uasset" 332
"../../../Engine/Content/VREditor/Sounds/UI/Dockable_Window_Close.uasset" 333
"../../../Engine/Content/VREditor/Sounds/UI/Dockable_Window_Drop.uasset" 334
"../../../Engine/Content/VREditor/Sounds/UI/Dockable_Window_Open.uasset" 335
"../../../Engine/Content/VREditor/Sounds/UI/Dockable_Window_Pick_Up.uasset" 336
"../../../Engine/Content/VREditor/Sounds/UI/Drop_Item_From_ContentBrowser.uasset" 337
"../../../Engine/Content/VREditor/Sounds/UI/Floating_UI_Open-001.uasset" 338
"../../../Engine/Content/VREditor/Sounds/UI/Gizmo_Handle_Clicked.uasset" 339
"../../../Engine/Content/VREditor/Sounds/UI/Object_PickUp.uasset" 340
"../../../Engine/Content/VREditor/Sounds/UI/Object_Snaps_To_Another_Actor.uasset" 341
"../../../Engine/Content/VREditor/Sounds/UI/Object_Snaps_To_Grid.uasset" 342
"../../../Engine/Content/VREditor/Sounds/UI/Radial_Menu_FadeOut.uasset" 343
"../../../Engine/Content/VREditor/Sounds/UI/Scaling_Down.uasset" 344
"../../../Engine/Content/VREditor/Sounds/UI/Scaling_Up.uasset" 345
"../../../Engine/Content/VREditor/Sounds/UI/Selection_Changes.uasset" 346
"../../../Engine/Content/VREditor/Sounds/UI/Teleport_Mode_Entered.uasset" 347
"../../../Engine/Content/VREditor/Teleport/TeleportDirectionMaterial.uasset" 348
"../../../Engine/Content/VREditor/Teleport/TeleportDirectionMaterial_Inst.uasset" 349
"../../../Engine/Content/VREditor/Teleport/TeleportDirectionMesh.uasset" 350
"../../../Engine/Content/VREditor/TransformGizmo/BoundingBoxCorner.uasset" 351
"../../../Engine/Content/VREditor/TransformGizmo/BoundingBoxEdge.uasset" 352
"../../../Engine/Content/VREditor/TransformGizmo/PlaneTranslationHandle.uasset" 353
"../../../Engine/Content/VREditor/TransformGizmo/RotationHandleFull.uasset" 354
"../../../Engine/Content/VREditor/TransformGizmo/RotationHandleIndicator.uasset" 355
"../../../Engine/Content/VREditor/TransformGizmo/RotationHandleQuarter.uasset" 356
"../../../Engine/Content/VREditor/TransformGizmo/Main.uasset" 357
"../../../Engine/Content/VREditor/TransformGizmo/Xray.uasset" 358
"../../../Engine/Content/VREditor/TransformGizmo/SM_Dialog_Close.uasset" 359
"../../../Engine/Content/VREditor/TransformGizmo/SM_Dialog_Move.uasset" 360
"../../../Engine/Content/VREditor/TransformGizmo/SM_Sequencer_Key.uasset" 361
"../../../Engine/Content/VREditor/TransformGizmo/StartRotationHandleIndicator.uasset" 362
"../../../Engine/Content/VREditor/TransformGizmo/TranslucentTransformGizmoMaterial_Inst.uasset" 363
"../../../Engine/Content/VREditor/TransformGizmo/TransformGizmoFreeRotation.uasset" 364
"../../../Engine/Content/VREditor/TransformGizmo/TransformGizmoMaterial_Inst.uasset" 365
"../../../Engine/Content/VREditor/TransformGizmo/TranslateArrowHandle.uasset" 366
"../../../Engine/Content/VREditor/TransformGizmo/UniformScaleHandle.uasset" 367
"../../../Engine/Content/VREditor/UI/KeyDiskMaterial.uasset" 368
"../../../Engine/Content/VREditor/UI/DiscMaterial.uasset" 369
"../../../Engine/Content/VREditor/UI/SM_Radial_Disk.uasset" 370
"../../../Engine/Content/VREditor/WorldMovementGrid/SimpleGrid.uasset" 371
"../../../Engine/Content/VREditor/WorldMovementGrid/GridMaterial.uasset" 372
"../../../Engine/Content/Functions/Engine_MaterialFunctions01/Density/ExponentialDensity.uasset" 373
"../../../Engine/Content/VREditor/WorldMovementGrid/GridPostProcess.uasset" 374
"../../../Engine/Content/EditorLandscapeResources/FlattenHeightMat.uasset" 375
"../../../Engine/Content/VREditor/WorldMovementGrid/PlaneMesh.uasset" 376
"../../../Engine/Plugins/2D/Paper2D/Content/PlaceholderTextures/DummySpriteTexture.uasset" 377
"../../../Engine/Plugins/2D/Paper2D/Content/DummySprite.uasset" 378
"../../../Engine/Plugins/2D/Paper2D/Content/DefaultPaperTerrainMaterial.uasset" 379
"../../../Engine/Plugins/2D/Paper2D/Content/DefaultSpriteMaterial.uasset" 380
"../../../Engine/Plugins/2D/Paper2D/Content/MaskedUnlitSpriteMaterial.uasset" 381
"../../../Engine/Plugins/2D/Paper2D/Content/OpaqueUnlitSpriteMaterial.uasset" 382
"../../../Engine/Plugins/Runtime/Oculus/OculusVR/Content/Textures/GearVRController_AO.uasset" 383
"../../../Engine/Plugins/Runtime/Oculus/OculusVR/Content/Textures/GearVRController_Color.uasset" 384
"../../../Engine/Plugins/Runtime/Oculus/OculusVR/Content/Textures/GearVRController_Normal.uasset" 385
"../../../Engine/Plugins/Runtime/Oculus/OculusVR/Content/Materials/GearVRControllerMaterial.uasset" 386
"../../../Engine/Plugins/Runtime/Oculus/OculusVR/Content/Meshes/GearVrController.uasset" 387
"../../../phys_3dperson_01/Content/Maps/map_mainmenu_BuiltData.uasset" 388
"../../../phys_3dperson_01/Content/Textures/bg_university_01.uasset" 389
"../../../phys_3dperson_01/Content/UI/ui_mainmenu.uasset" 390
"../../../phys_3dperson_01/Content/Maps/map_mainmenu.umap" 391
"../../../Engine/Content/EngineSky/C_Sky_Cloud_Color.uasset" 392
"../../../Engine/Content/EngineSky/C_Sky_Horizon_Color.uasset" 393
"../../../Engine/Content/EngineSky/C_Sky_Zenith_Color.uasset" 394
"../../../Engine/Content/EngineSky/T_Sky_Blue.uasset" 395
"../../../Engine/Content/EngineSky/T_Sky_Clouds_M.uasset" 396
"../../../Engine/Content/EngineSky/T_Sky_Stars.uasset" 397
"../../../Engine/Content/EngineSky/M_Sky_Panning_Clouds2.uasset" 398
"../../../Engine/Content/EngineSky/SM_SkySphere.uasset" 399
"../../../Engine/Content/EngineSky/BP_Sky_Sphere.uasset" 400
"../../../phys_3dperson_01/Content/Maps/map_phys_aud_02_BuiltData.uasset" 401
"../../../phys_3dperson_01/Content/Textures/floor/floor.uasset" 402
"../../../phys_3dperson_01/Content/Textures/floor/floor_Mat.uasset" 403
"../../../phys_3dperson_01/Content/Textures/walls/wall_bottom.uasset" 404
"../../../phys_3dperson_01/Content/Textures/walls/wall_bottom_Mat.uasset" 405
"../../../phys_3dperson_01/Content/Textures/walls/wall_middle.uasset" 406
"../../../phys_3dperson_01/Content/Textures/walls/wall_middle_Mat.uasset" 407
"../../../phys_3dperson_01/Content/Geometry/Meshes/kathedra.uasset" 408
"../../../phys_3dperson_01/Content/Textures/table/alumin.uasset" 409
"../../../phys_3dperson_01/Content/Textures/table/alumin_Mat.uasset" 410
"../../../phys_3dperson_01/Content/Geometry/Meshes/table_student.uasset" 411
"../../../phys_3dperson_01/Content/StarterContent/Architecture/SM_AssetPlatform.uasset" 412
"../../../phys_3dperson_01/Content/Maps/map_phys_aud_02.umap" 413
"../../../Engine/Content/Maps/Entry.umap" 414
